<?xml version="1.0" encoding="UTF-8"?>
<!-- Generated by org.testng.reporters.JUnitReportReporter -->
<testsuite hostname="NLPULTP8105475" failures="0" tests="2" name="MyProject.userinterface" time="14.723" errors="0" timestamp="2023-08-01T17:42:53 IST" skipped="0">
  <testcase classname="MyProject.userinterface" name="orderHistory" time="4.916"/>
  <testcase classname="MyProject.userinterface" name="submitOrder" time="9.807"/>
</testsuite> <!-- MyProject.userinterface -->
