<?xml version="1.0" encoding="UTF-8"?>
<!-- Generated by org.testng.reporters.JUnitReportReporter -->
<testsuite hostname="NLPULTP8105475" failures="0" tests="1" name="Cucumber.TestNGRunner" time="7.529" errors="0" timestamp="2023-08-25T14:04:48 IST" skipped="0">
  <testcase classname="Cucumber.TestNGRunner" name="runScenario" time="7.529"/>
</testsuite> <!-- Cucumber.TestNGRunner -->
