<?xml version="1.0" encoding="UTF-8"?>
<!-- Generated by org.testng.reporters.JUnitReportReporter -->
<testsuite hostname="NLPULTP8105475" failures="0" tests="1" name="MyProject.ErrorValidationsonLoginPage" time="5.208" errors="0" timestamp="2023-08-05T16:38:24 IST" skipped="0">
  <testcase classname="MyProject.ErrorValidationsonLoginPage" name="ErrorValidations" time="5.208"/>
</testsuite> <!-- MyProject.ErrorValidationsonLoginPage -->
